[GIN-debug] [WARNING] Running in "debug" mode. Switch to "release" mode in production.
 - using env:	export GIN_MODE=release
 - using code:	gin.SetMode(gin.ReleaseMode)

[GIN-debug] POST   /login                    --> main.main.func1 (3 handlers)
[GIN-debug] GET    /api/transactions         --> main.main.func2 (3 handlers)
[GIN-debug] GET    /api/transactions/:id     --> main.main.func3 (3 handlers)
[GIN-debug] POST   /api/transactions         --> main.main.func4 (3 handlers)
[GIN-debug] PATCH  /api/transactions/:id     --> main.main.func5 (3 handlers)
[GIN-debug] DELETE /api/transactions/:id     --> main.main.func6 (3 handlers)
[GIN-debug] GET    /api/accounts             --> main.main.func7 (3 handlers)
[GIN-debug] GET    /api/account/:id          --> main.main.func8 (3 handlers)
[GIN-debug] POST   /api/accounts             --> main.main.func9 (3 handlers)
[GIN-debug] PUT    /api/accounts/:id         --> main.main.func10 (3 handlers)
[GIN-debug] DELETE /api/accounts/:id         --> main.main.func11 (3 handlers)
[GIN-debug] GET    /api/users                --> main.main.func12 (3 handlers)
[GIN-debug] GET    /api/users/:id            --> main.main.func13 (3 handlers)
[GIN-debug] POST   /api/users                --> main.main.func14 (3 handlers)
[GIN-debug] PUT    /api/users/:id            --> main.main.func15 (3 handlers)
[GIN-debug] DELETE /api/users/:id            --> main.main.func16 (3 handlers)
[GIN-debug] GET    /api/categories           --> main.main.func17 (3 handlers)
[GIN-debug] GET    /api/categories/:id       --> main.main.func18 (3 handlers)
[GIN-debug] POST   /api/categories           --> main.main.func19 (3 handlers)
[GIN-debug] PUT    /api/categories/:id       --> main.main.func20 (3 handlers)
[GIN-debug] DELETE /api/category/:id         --> main.main.func21 (3 handlers)
[GIN-debug] GET    /api/subcategories        --> main.main.func22 (3 handlers)
[GIN-debug] GET    /api/subcategories/:id    --> main.main.func23 (3 handlers)
[GIN-debug] POST   /api/subcategories        --> main.main.func24 (3 handlers)
[GIN-debug] PUT    /api/subcategories/:id    --> main.main.func25 (3 handlers)
[GIN-debug] DELETE /api/subcategories/:id    --> main.main.func26 (3 handlers)
[GIN-debug] GET    /api/rpparty              --> main.main.func27 (3 handlers)
[GIN-debug] GET    /api/rpparty/:id          --> main.main.func28 (3 handlers)
[GIN-debug] POST   /api/rpparty              --> main.main.func29 (3 handlers)
[GIN-debug] PUT    /api/rpparty/:id          --> main.main.func30 (3 handlers)
[GIN-debug] DELETE /api/rpparty/:id          --> main.main.func31 (3 handlers)
[GIN-debug] GET    /api/banks                --> main.main.func32 (3 handlers)
[GIN-debug] GET    /api/banks/:id            --> main.main.func33 (3 handlers)
[GIN-debug] POST   /api/banks                --> main.main.func34 (3 handlers)
[GIN-debug] PUT    /api/banks/:id            --> main.main.func35 (3 handlers)
[GIN-debug] DELETE /api/banks/:id            --> main.main.func36 (3 handlers)
[GIN-debug] Listening and serving HTTP on :5000
[GIN-debug] redirecting request 301: /api/accounts --> /api/accounts
::1 - [13 Aug 22 23:04 BST] GET /api/accounts 200 740.96µs 
